<?xml version="1.0" encoding="UTF-8"?>
<!-- Generated by org.testng.reporters.JUnitXMLReporter -->
<testsuite ignored="0" hostname="Kareema-Saju" failures="0" tests="3" name="CartAndCheckoutTests" time="11.04" errors="0" timestamp="2026-07-01T14:03:13 IST">
  <testcase classname="tests.CartAndCheckoutTest" name="addingProductsUpdatesCartBadge" time="0.578"/>
  <testcase classname="tests.CartAndCheckoutTest" name="cartPageReflectsAddedItems" time="0.496"/>
  <testcase classname="tests.CartAndCheckoutTest" name="checkoutButtonIsReachable" time="0.775"/>
</testsuite> <!-- CartAndCheckoutTests -->
