<?xml version="1.0" encoding="UTF-8"?>
<!-- Generated by org.testng.reporters.JUnitXMLReporter -->
<testsuite ignored="0" hostname="Kareema-Saju" failures="0" tests="3" name="LoginTests" time="13.656" errors="0" timestamp="2026-07-01T14:02:50 IST">
  <testcase classname="tests.LoginTest" name="invalidCredentialsAreRejected" time="1.993"/>
  <testcase classname="tests.LoginTest" name="lockedOutUserIsBlocked" time="1.627"/>
  <testcase classname="tests.LoginTest" name="validLoginSucceeds" time="2.018"/>
</testsuite> <!-- LoginTests -->
