<?xml version="1.0" encoding="UTF-8"?>
<!-- Generated by org.testng.reporters.JUnitXMLReporter -->
<testsuite ignored="0" hostname="Kareema-Saju" failures="0" tests="3" name="ProductSortTests" time="12.237" errors="0" timestamp="2026-07-01T14:03:02 IST">
  <testcase classname="tests.ProductSortTest" name="sortByNameAToZ" time="0.6"/>
  <testcase classname="tests.ProductSortTest" name="sortByPriceHighToLow" time="0.638"/>
  <testcase classname="tests.ProductSortTest" name="sortByPriceLowToHigh" time="0.526"/>
</testsuite> <!-- ProductSortTests -->
