<?xml version="1.0" encoding="UTF-8"?>
<testng-results ignored="0" total="9" passed="9" failed="0" skipped="0">
  <reporter-output>
  </reporter-output>
  <suite started-at="2026-07-01T14:02:36 IST" name="EcommerceTestAutomationSuite" finished-at="2026-07-01T14:03:13 IST" duration-ms="37047">
    <groups>
    </groups>
    <test started-at="2026-07-01T14:02:36 IST" name="LoginTests" finished-at="2026-07-01T14:02:50 IST" duration-ms="13656">
      <class name="tests.LoginTest">
        <test-method is-config="true" signature="setUp()[pri:0, instance:tests.LoginTest@55b7a4e0]" started-at="2026-07-01T14:02:36 IST" name="setUp" finished-at="2026-07-01T14:02:40 IST" duration-ms="3820" status="PASS">
          <reporter-output>
          </reporter-output>
        </test-method> <!-- setUp -->
        <test-method signature="invalidCredentialsAreRejected()[pri:0, instance:tests.LoginTest@55b7a4e0]" started-at="2026-07-01T14:02:40 IST" name="invalidCredentialsAreRejected" description="Invalid credentials should be rejected" finished-at="2026-07-01T14:02:42 IST" duration-ms="1993" status="PASS">
          <reporter-output>
          </reporter-output>
        </test-method> <!-- invalidCredentialsAreRejected -->
        <test-method is-config="true" signature="tearDown()[pri:0, instance:tests.LoginTest@55b7a4e0]" started-at="2026-07-01T14:02:42 IST" name="tearDown" finished-at="2026-07-01T14:02:43 IST" duration-ms="599" status="PASS">
          <reporter-output>
          </reporter-output>
        </test-method> <!-- tearDown -->
        <test-method is-config="true" signature="setUp()[pri:0, instance:tests.LoginTest@55b7a4e0]" started-at="2026-07-01T14:02:43 IST" name="setUp" finished-at="2026-07-01T14:02:44 IST" duration-ms="1333" status="PASS">
          <reporter-output>
          </reporter-output>
        </test-method> <!-- setUp -->
        <test-method signature="lockedOutUserIsBlocked()[pri:0, instance:tests.LoginTest@55b7a4e0]" started-at="2026-07-01T14:02:44 IST" name="lockedOutUserIsBlocked" description="Locked-out user should be blocked with a clear error message" finished-at="2026-07-01T14:02:46 IST" duration-ms="1627" status="PASS">
          <reporter-output>
          </reporter-output>
        </test-method> <!-- lockedOutUserIsBlocked -->
        <test-method is-config="true" signature="tearDown()[pri:0, instance:tests.LoginTest@55b7a4e0]" started-at="2026-07-01T14:02:46 IST" name="tearDown" finished-at="2026-07-01T14:02:46 IST" duration-ms="461" status="PASS">
          <reporter-output>
          </reporter-output>
        </test-method> <!-- tearDown -->
        <test-method is-config="true" signature="setUp()[pri:0, instance:tests.LoginTest@55b7a4e0]" started-at="2026-07-01T14:02:46 IST" name="setUp" finished-at="2026-07-01T14:02:47 IST" duration-ms="1213" status="PASS">
          <reporter-output>
          </reporter-output>
        </test-method> <!-- setUp -->
        <test-method signature="validLoginSucceeds()[pri:0, instance:tests.LoginTest@55b7a4e0]" started-at="2026-07-01T14:02:47 IST" name="validLoginSucceeds" description="Standard user should log in successfully and land on the products page" finished-at="2026-07-01T14:02:49 IST" duration-ms="2018" status="PASS">
          <reporter-output>
          </reporter-output>
        </test-method> <!-- validLoginSucceeds -->
        <test-method is-config="true" signature="tearDown()[pri:0, instance:tests.LoginTest@55b7a4e0]" started-at="2026-07-01T14:02:49 IST" name="tearDown" finished-at="2026-07-01T14:02:50 IST" duration-ms="491" status="PASS">
          <reporter-output>
          </reporter-output>
        </test-method> <!-- tearDown -->
      </class> <!-- tests.LoginTest -->
    </test> <!-- LoginTests -->
    <test started-at="2026-07-01T14:02:50 IST" name="ProductSortTests" finished-at="2026-07-01T14:03:02 IST" duration-ms="12237">
      <class name="tests.ProductSortTest">
        <test-method is-config="true" signature="setUp()[pri:0, instance:tests.ProductSortTest@42a48628]" started-at="2026-07-01T14:02:50 IST" name="setUp" finished-at="2026-07-01T14:02:51 IST" duration-ms="1202" status="PASS">
          <reporter-output>
          </reporter-output>
        </test-method> <!-- setUp -->
        <test-method is-config="true" signature="loginAsStandardUser()[pri:0, instance:tests.ProductSortTest@42a48628]" started-at="2026-07-01T14:02:51 IST" name="loginAsStandardUser" finished-at="2026-07-01T14:02:53 IST" duration-ms="1831" status="PASS">
          <reporter-output>
          </reporter-output>
        </test-method> <!-- loginAsStandardUser -->
        <test-method signature="sortByNameAToZ()[pri:0, instance:tests.ProductSortTest@42a48628]" started-at="2026-07-01T14:02:53 IST" name="sortByNameAToZ" description="Sorting by name A-to-Z should return names in alphabetical order" finished-at="2026-07-01T14:02:54 IST" duration-ms="600" status="PASS">
          <reporter-output>
          </reporter-output>
        </test-method> <!-- sortByNameAToZ -->
        <test-method is-config="true" signature="tearDown()[pri:0, instance:tests.ProductSortTest@42a48628]" started-at="2026-07-01T14:02:54 IST" name="tearDown" finished-at="2026-07-01T14:02:54 IST" duration-ms="497" status="PASS">
          <reporter-output>
          </reporter-output>
        </test-method> <!-- tearDown -->
        <test-method is-config="true" signature="setUp()[pri:0, instance:tests.ProductSortTest@42a48628]" started-at="2026-07-01T14:02:54 IST" name="setUp" finished-at="2026-07-01T14:02:55 IST" duration-ms="1210" status="PASS">
          <reporter-output>
          </reporter-output>
        </test-method> <!-- setUp -->
        <test-method is-config="true" signature="loginAsStandardUser()[pri:0, instance:tests.ProductSortTest@42a48628]" started-at="2026-07-01T14:02:55 IST" name="loginAsStandardUser" finished-at="2026-07-01T14:02:57 IST" duration-ms="1716" status="PASS">
          <reporter-output>
          </reporter-output>
        </test-method> <!-- loginAsStandardUser -->
        <test-method signature="sortByPriceHighToLow()[pri:0, instance:tests.ProductSortTest@42a48628]" started-at="2026-07-01T14:02:57 IST" name="sortByPriceHighToLow" description="Sorting by price high-to-low should return prices in descending order" finished-at="2026-07-01T14:02:58 IST" duration-ms="638" status="PASS">
          <reporter-output>
          </reporter-output>
        </test-method> <!-- sortByPriceHighToLow -->
        <test-method is-config="true" signature="tearDown()[pri:0, instance:tests.ProductSortTest@42a48628]" started-at="2026-07-01T14:02:58 IST" name="tearDown" finished-at="2026-07-01T14:02:58 IST" duration-ms="538" status="PASS">
          <reporter-output>
          </reporter-output>
        </test-method> <!-- tearDown -->
        <test-method is-config="true" signature="setUp()[pri:0, instance:tests.ProductSortTest@42a48628]" started-at="2026-07-01T14:02:58 IST" name="setUp" finished-at="2026-07-01T14:02:59 IST" duration-ms="1256" status="PASS">
          <reporter-output>
          </reporter-output>
        </test-method> <!-- setUp -->
        <test-method is-config="true" signature="loginAsStandardUser()[pri:0, instance:tests.ProductSortTest@42a48628]" started-at="2026-07-01T14:02:59 IST" name="loginAsStandardUser" finished-at="2026-07-01T14:03:01 IST" duration-ms="1686" status="PASS">
          <reporter-output>
          </reporter-output>
        </test-method> <!-- loginAsStandardUser -->
        <test-method signature="sortByPriceLowToHigh()[pri:0, instance:tests.ProductSortTest@42a48628]" started-at="2026-07-01T14:03:01 IST" name="sortByPriceLowToHigh" description="Sorting by price low-to-high should return prices in ascending order" finished-at="2026-07-01T14:03:02 IST" duration-ms="526" status="PASS">
          <reporter-output>
          </reporter-output>
        </test-method> <!-- sortByPriceLowToHigh -->
        <test-method is-config="true" signature="tearDown()[pri:0, instance:tests.ProductSortTest@42a48628]" started-at="2026-07-01T14:03:02 IST" name="tearDown" finished-at="2026-07-01T14:03:02 IST" duration-ms="520" status="PASS">
          <reporter-output>
          </reporter-output>
        </test-method> <!-- tearDown -->
      </class> <!-- tests.ProductSortTest -->
    </test> <!-- ProductSortTests -->
    <test started-at="2026-07-01T14:03:02 IST" name="CartAndCheckoutTests" finished-at="2026-07-01T14:03:13 IST" duration-ms="11040">
      <class name="tests.CartAndCheckoutTest">
        <test-method is-config="true" signature="setUp()[pri:0, instance:tests.CartAndCheckoutTest@4135c3b]" started-at="2026-07-01T14:03:02 IST" name="setUp" finished-at="2026-07-01T14:03:03 IST" duration-ms="1290" status="PASS">
          <reporter-output>
          </reporter-output>
        </test-method> <!-- setUp -->
        <test-method is-config="true" signature="loginAsStandardUser()[pri:0, instance:tests.CartAndCheckoutTest@4135c3b]" started-at="2026-07-01T14:03:03 IST" name="loginAsStandardUser" finished-at="2026-07-01T14:03:05 IST" duration-ms="1646" status="PASS">
          <reporter-output>
          </reporter-output>
        </test-method> <!-- loginAsStandardUser -->
        <test-method signature="addingProductsUpdatesCartBadge()[pri:0, instance:tests.CartAndCheckoutTest@4135c3b]" started-at="2026-07-01T14:03:05 IST" name="addingProductsUpdatesCartBadge" description="Adding products to cart should update the cart badge count" finished-at="2026-07-01T14:03:06 IST" duration-ms="578" status="PASS">
          <reporter-output>
          </reporter-output>
        </test-method> <!-- addingProductsUpdatesCartBadge -->
        <test-method is-config="true" signature="tearDown()[pri:0, instance:tests.CartAndCheckoutTest@4135c3b]" started-at="2026-07-01T14:03:06 IST" name="tearDown" finished-at="2026-07-01T14:03:06 IST" duration-ms="398" status="PASS">
          <reporter-output>
          </reporter-output>
        </test-method> <!-- tearDown -->
        <test-method is-config="true" signature="setUp()[pri:0, instance:tests.CartAndCheckoutTest@4135c3b]" started-at="2026-07-01T14:03:06 IST" name="setUp" finished-at="2026-07-01T14:03:07 IST" duration-ms="1089" status="PASS">
          <reporter-output>
          </reporter-output>
        </test-method> <!-- setUp -->
        <test-method is-config="true" signature="loginAsStandardUser()[pri:0, instance:tests.CartAndCheckoutTest@4135c3b]" started-at="2026-07-01T14:03:07 IST" name="loginAsStandardUser" finished-at="2026-07-01T14:03:08 IST" duration-ms="1294" status="PASS">
          <reporter-output>
          </reporter-output>
        </test-method> <!-- loginAsStandardUser -->
        <test-method signature="cartPageReflectsAddedItems()[pri:0, instance:tests.CartAndCheckoutTest@4135c3b]" started-at="2026-07-01T14:03:08 IST" name="cartPageReflectsAddedItems" description="Cart page should list exactly the items that were added on the products page" finished-at="2026-07-01T14:03:09 IST" duration-ms="496" status="PASS">
          <reporter-output>
          </reporter-output>
        </test-method> <!-- cartPageReflectsAddedItems -->
        <test-method is-config="true" signature="tearDown()[pri:0, instance:tests.CartAndCheckoutTest@4135c3b]" started-at="2026-07-01T14:03:09 IST" name="tearDown" finished-at="2026-07-01T14:03:09 IST" duration-ms="295" status="PASS">
          <reporter-output>
          </reporter-output>
        </test-method> <!-- tearDown -->
        <test-method is-config="true" signature="setUp()[pri:0, instance:tests.CartAndCheckoutTest@4135c3b]" started-at="2026-07-01T14:03:09 IST" name="setUp" finished-at="2026-07-01T14:03:10 IST" duration-ms="1170" status="PASS">
          <reporter-output>
          </reporter-output>
        </test-method> <!-- setUp -->
        <test-method is-config="true" signature="loginAsStandardUser()[pri:0, instance:tests.CartAndCheckoutTest@4135c3b]" started-at="2026-07-01T14:03:10 IST" name="loginAsStandardUser" finished-at="2026-07-01T14:03:12 IST" duration-ms="1555" status="PASS">
          <reporter-output>
          </reporter-output>
        </test-method> <!-- loginAsStandardUser -->
        <test-method signature="checkoutButtonIsReachable()[pri:0, instance:tests.CartAndCheckoutTest@4135c3b]" started-at="2026-07-01T14:03:12 IST" name="checkoutButtonIsReachable" description="Checkout button should be present and clickable from a non-empty cart" finished-at="2026-07-01T14:03:13 IST" duration-ms="775" status="PASS">
          <reporter-output>
          </reporter-output>
        </test-method> <!-- checkoutButtonIsReachable -->
        <test-method is-config="true" signature="tearDown()[pri:0, instance:tests.CartAndCheckoutTest@4135c3b]" started-at="2026-07-01T14:03:13 IST" name="tearDown" finished-at="2026-07-01T14:03:13 IST" duration-ms="436" status="PASS">
          <reporter-output>
          </reporter-output>
        </test-method> <!-- tearDown -->
      </class> <!-- tests.CartAndCheckoutTest -->
    </test> <!-- CartAndCheckoutTests -->
  </suite> <!-- EcommerceTestAutomationSuite -->
</testng-results>
