<?xml version="1.0" encoding="UTF-8"?>
<!-- Generated by org.testng.reporters.JUnitReportReporter -->
<testsuite hostname="Kareema-Saju" failures="0" tests="3" name="tests.CartAndCheckoutTest" time="11.022" errors="0" timestamp="2026-07-01T14:03:14 IST" skipped="0">
  <testcase classname="tests.CartAndCheckoutTest" name="cartPageReflectsAddedItems" time="3.607"/>
  <testcase classname="tests.CartAndCheckoutTest" name="addingProductsUpdatesCartBadge" time="3.859"/>
  <testcase classname="tests.CartAndCheckoutTest" name="checkoutButtonIsReachable" time="3.556"/>
</testsuite> <!-- tests.CartAndCheckoutTest -->
