<?xml version="1.0" encoding="UTF-8"?>
<!-- Generated by org.testng.reporters.JUnitReportReporter -->
<testsuite hostname="Kareema-Saju" failures="0" tests="3" name="tests.LoginTest" time="13.555" errors="0" timestamp="2026-07-01T14:03:14 IST" skipped="0">
  <testcase classname="tests.LoginTest" name="validLoginSucceeds" time="3.950"/>
  <testcase classname="tests.LoginTest" name="invalidCredentialsAreRejected" time="6.274"/>
  <testcase classname="tests.LoginTest" name="lockedOutUserIsBlocked" time="3.331"/>
</testsuite> <!-- tests.LoginTest -->
