<?xml version="1.0" encoding="UTF-8"?>
<!-- Generated by org.testng.reporters.JUnitReportReporter -->
<testsuite hostname="Kareema-Saju" failures="0" tests="3" name="tests.ProductSortTest" time="12.220" errors="0" timestamp="2026-07-01T14:03:14 IST" skipped="0">
  <testcase classname="tests.ProductSortTest" name="sortByNameAToZ" time="4.179"/>
  <testcase classname="tests.ProductSortTest" name="sortByPriceHighToLow" time="4.076"/>
  <testcase classname="tests.ProductSortTest" name="sortByPriceLowToHigh" time="3.965"/>
</testsuite> <!-- tests.ProductSortTest -->
